[debug] [2021-03-06T20:47:59.858Z] ----------------------------------------------------------------------
[debug] [2021-03-06T20:47:59.862Z] Command:       C:\Program Files\nodejs\node.exe C:\Program Files\nodejs\node_modules\firebase-tools\lib\bin\firebase.js init
[debug] [2021-03-06T20:47:59.863Z] CLI Version:   9.5.0
[debug] [2021-03-06T20:47:59.863Z] Platform:      win32
[debug] [2021-03-06T20:47:59.864Z] Node Version:  v13.14.0
[debug] [2021-03-06T20:47:59.865Z] Time:          Sat Mar 06 2021 16:47:59 GMT-0400 (hora de Venezuela)
[debug] [2021-03-06T20:47:59.866Z] ----------------------------------------------------------------------
[debug] [2021-03-06T20:47:59.866Z] 
[debug] [2021-03-06T20:47:59.881Z] > command requires scopes: ["email","openid","https://www.googleapis.com/auth/cloudplatformprojects.readonly","https://www.googleapis.com/auth/firebase","https://www.googleapis.com/auth/cloud-platform"]
[debug] [2021-03-06T20:47:59.882Z] > authorizing via signed-in user
[info] 
     ######## #### ########  ######## ########     ###     ######  ########
     ##        ##  ##     ## ##       ##     ##  ##   ##  ##       ##
     ######    ##  ########  ######   ########  #########  ######  ######
     ##        ##  ##    ##  ##       ##     ## ##     ##       ## ##
     ##       #### ##     ## ######## ########  ##     ##  ######  ########

You're about to initialize a Firebase project in this directory:

  C:\Users\dugla\Documents\react_projects\messenger-clone

[info] 
=== Project Setup
[info] 
[info] First, let's associate this project directory with a Firebase project.
[info] You can create multiple project aliases by running firebase use --add, 
[info] but for now we'll just set up a default project.
[info] 
[debug] [2021-03-06T20:48:37.955Z] >>> [apiv2][query] GET https://firebase.googleapis.com/v1beta1/projects pageSize=100
[debug] [2021-03-06T20:48:38.520Z] <<< [apiv2][status] GET https://firebase.googleapis.com/v1beta1/projects 200
[debug] [2021-03-06T20:48:38.521Z] <<< [apiv2][body] GET https://firebase.googleapis.com/v1beta1/projects [omitted]
[info] i  Using project messenger-b106a (messenger) 
[info] 
=== Hosting Setup
[info] 
[info] Your public directory is the folder (relative to your project directory) that
[info] will contain Hosting assets to be uploaded with firebase deploy. If you
[info] have a build process for your assets, use your build's output directory.
[info] 
[debug] [2021-03-06T20:50:05.750Z] >>> [apiv2][query] GET https://www.gstatic.com/firebasejs/releases.json [none]
[debug] [2021-03-06T20:50:06.212Z] <<< [apiv2][status] GET https://www.gstatic.com/firebasejs/releases.json 200
[debug] [2021-03-06T20:50:06.213Z] <<< [apiv2][body] GET https://www.gstatic.com/firebasejs/releases.json {"current":{"version":"8.2.10","browserURL":"https://www.gstatic.com/firebasejs/8.2.10/firebase.js","packageURL":"https://www.gstatic.com/firebasejs/8.2.10/firebase.tgz"},"live":{"version":"8.2","browserURL":"https://www.gstatic.com/firebasejs/live/8.2/firebase.js","packageURL":"https://www.gstatic.com/firebasejs/live/8.2/firebase.tgz"},"components":{"analytics":"https://www.gstatic.com/firebasejs/8.2.10/firebase-analytics.js","app":"https://www.gstatic.com/firebasejs/8.2.10/firebase-app.js","auth":"https://www.gstatic.com/firebasejs/8.2.10/firebase-auth.js","database":"https://www.gstatic.com/firebasejs/8.2.10/firebase-database.js","firestore":"https://www.gstatic.com/firebasejs/8.2.10/firebase-firestore.js","functions":"https://www.gstatic.com/firebasejs/8.2.10/firebase-functions.js","installations":"https://www.gstatic.com/firebasejs/8.2.10/firebase-installations.js","messaging":"https://www.gstatic.com/firebasejs/8.2.10/firebase-messaging.js","storage":"https://www.gstatic.com/firebasejs/8.2.10/firebase-storage.js","performance":"https://www.gstatic.com/firebasejs/8.2.10/firebase-performance.js","remote-config":"https://www.gstatic.com/firebasejs/8.2.10/firebase-remote-config.js","firestore.memory":"https://www.gstatic.com/firebasejs/8.2.10/firebase-firestore.memory.js"}}
[info] +  Wrote build/index.html 
[info] 
[info] i  Detected a .git folder at C:\Users\dugla\Documents\react_projects\messenger-clone 
[info] i  Authorizing with GitHub to upload your service account to a GitHub repository's secrets store. 
[info] 
[info] Visit this URL on this device to log in:
[info] https://github.com/login/oauth/authorize?client_id=89cf50f02ac6aaed3484&state=28006260&redirect_uri=http%3A%2F%2Flocalhost%3A9005&scope=read%3Auser%20repo%20public_repo
[info] 
[info] Waiting for authentication...
[debug] [2021-03-06T20:50:28.133Z] >>> HTTP REQUEST POST https://github.com/login/oauth/access_token  
 {"client_id":"89cf50f02ac6aaed3484","client_secret":"3330d14abc895d9a74d5f17cd7a00711fa2c5bf0","code":"5c006ebce967be9a3f08","redirect_uri":"http://localhost:9005","state":"28006260"}
[debug] [2021-03-06T20:50:28.626Z] <<< HTTP RESPONSE 200 {"server":"GitHub.com","date":"Sat, 06 Mar 2021 20:50:58 GMT","content-type":"application/json; charset=utf-8","transfer-encoding":"chunked","vary":"X-PJAX, Accept-Encoding, Accept, X-Requested-With","etag":"W/\"5896aed7b51ab3b9ffce4896d9e850ca\"","cache-control":"max-age=0, private, must-revalidate","strict-transport-security":"max-age=31536000; includeSubdomains; preload","x-frame-options":"deny","x-content-type-options":"nosniff","x-xss-protection":"1; mode=block","referrer-policy":"origin-when-cross-origin, strict-origin-when-cross-origin","expect-ct":"max-age=2592000, report-uri=\"https://api.github.com/_private/browser/errors\"","content-security-policy":"default-src 'none'; base-uri 'self'; block-all-mixed-content; connect-src 'self' uploads.github.com www.githubstatus.com collector.githubapp.com api.github.com github-cloud.s3.amazonaws.com github-production-repository-file-5c1aeb.s3.amazonaws.com github-production-upload-manifest-file-7fdce7.s3.amazonaws.com github-production-user-asset-6210df.s3.amazonaws.com cdn.optimizely.com logx.optimizely.com/v1/events wss://alive.github.com; font-src github.githubassets.com; form-action 'self' github.com gist.github.com; frame-ancestors 'none'; frame-src render.githubusercontent.com; img-src 'self' data: github.githubassets.com identicons.github.com collector.githubapp.com github-cloud.s3.amazonaws.com secured-user-images.githubusercontent.com/ *.githubusercontent.com; manifest-src 'self'; media-src 'none'; script-src github.githubassets.com; style-src 'unsafe-inline' github.githubassets.com; worker-src github.com/socket-worker-5029ae85.js gist.github.com/socket-worker-5029ae85.js","x-github-request-id":"DD74:318F:541C8:384727:6043EB32"}
[debug] [2021-03-06T20:50:28.651Z] >>> [apiv2][query] GET https://api.github.com/user [none]
[debug] [2021-03-06T20:50:29.127Z] <<< [apiv2][status] GET https://api.github.com/user 200
[debug] [2021-03-06T20:50:29.128Z] <<< [apiv2][body] GET https://api.github.com/user {"login":"leonardoramosc","id":57731450,"node_id":"MDQ6VXNlcjU3NzMxNDUw","avatar_url":"https://avatars.githubusercontent.com/u/57731450?v=4","gravatar_id":"","url":"https://api.github.com/users/leonardoramosc","html_url":"https://github.com/leonardoramosc","followers_url":"https://api.github.com/users/leonardoramosc/followers","following_url":"https://api.github.com/users/leonardoramosc/following{/other_user}","gists_url":"https://api.github.com/users/leonardoramosc/gists{/gist_id}","starred_url":"https://api.github.com/users/leonardoramosc/starred{/owner}{/repo}","subscriptions_url":"https://api.github.com/users/leonardoramosc/subscriptions","organizations_url":"https://api.github.com/users/leonardoramosc/orgs","repos_url":"https://api.github.com/users/leonardoramosc/repos","events_url":"https://api.github.com/users/leonardoramosc/events{/privacy}","received_events_url":"https://api.github.com/users/leonardoramosc/received_events","type":"User","site_admin":false,"name":"Leonardo Ramos","company":null,"blog":"","location":"Venezuela","email":"leorrc96@gmail.com","hireable":true,"bio":null,"twitter_username":null,"public_repos":26,"public_gists":0,"followers":1,"following":7,"created_at":"2019-11-13T21:36:21Z","updated_at":"2021-03-06T20:50:57Z","private_gists":0,"total_private_repos":11,"owned_private_repos":10,"disk_usage":42443,"collaborators":0,"two_factor_authentication":false,"plan":{"name":"free","space":976562499,"collaborators":0,"private_repos":10000}}
[info] 
[info] +  Success! Logged into GitHub as leonardoramosc 
[info] 
[debug] [2021-03-06T20:51:23.955Z] >>> [apiv2][query] GET https://api.github.com/repos/leonardoramosc/messenger-clone/actions/secrets/public-key type=owner
[debug] [2021-03-06T20:51:24.722Z] <<< [apiv2][status] GET https://api.github.com/repos/leonardoramosc/messenger-clone/actions/secrets/public-key 200
[debug] [2021-03-06T20:51:24.723Z] <<< [apiv2][body] GET https://api.github.com/repos/leonardoramosc/messenger-clone/actions/secrets/public-key {"key_id":"568250167242549743","key":"AwhgBsTg2yNcOc8VpcEVp4DuU2REK1vLZYnoOGWWEjo="}
[debug] [2021-03-06T20:51:24.749Z] >>> [apiv2][query] GET https://api.github.com/repos/leonardoramosc/messenger-clone [none]
[debug] [2021-03-06T20:51:25.172Z] <<< [apiv2][status] GET https://api.github.com/repos/leonardoramosc/messenger-clone 200
